<?xml version="1.0" encoding="UTF-8" ?>
<testsuite failures="1" time="4.082" errors="0" skipped="86" tests="90" name="TestSuite">
  <properties>
[...]
</properties>
  <testcase time="0" classname="de.webtech2.croaking.TapestrySecurityIntegrationTest" name="startContainer">
    <failure message="Couldn&apos;t find an available port to run the functional test server" type="java.lang.RuntimeException">java.lang.RuntimeException: Couldn&apos;t find an available port to run the functional test server
	at org.tynamo.test.AbstractContainerTest.startContainer(AbstractContainerTest.java:88)
	at sun.reflect.NativeMethodAccessorImpl.invoke0(Native Method)
	at sun.reflect.NativeMethodAccessorImpl.invoke(NativeMethodAccessorImpl.java:57)
	at sun.reflect.DelegatingMethodAccessorImpl.invoke(DelegatingMethodAccessorImpl.java:43)
	at java.lang.reflect.Method.invoke(Method.java:601)
	at org.testng.internal.MethodInvocationHelper.invokeMethod(MethodInvocationHelper.java:74)
	at org.testng.internal.Invoker.invokeConfigurationMethod(Invoker.java:525)
	at org.testng.internal.Invoker.invokeConfigurations(Invoker.java:202)
	at org.testng.internal.Invoker.invokeConfigurations(Invoker.java:130)
	at org.testng.internal.TestMethodWorker.invokeBeforeClassMethods(TestMethodWorker.java:173)
	at org.testng.internal.TestMethodWorker.run(TestMethodWorker.java:105)
	at org.testng.TestRunner.runWorkers(TestRunner.java:1147)
	at org.testng.TestRunner.privateRun(TestRunner.java:749)
	at org.testng.TestRunner.run(TestRunner.java:600)
	at org.testng.SuiteRunner.runTest(SuiteRunner.java:317)
	at org.testng.SuiteRunner.runSequentially(SuiteRunner.java:312)
	at org.testng.SuiteRunner.privateRun(SuiteRunner.java:274)
	at org.testng.SuiteRunner.run(SuiteRunner.java:223)
	at org.testng.SuiteRunnerWorker.runSuite(SuiteRunnerWorker.java:52)
	at org.testng.SuiteRunnerWorker.run(SuiteRunnerWorker.java:86)
	at org.testng.TestNG.runSuitesSequentially(TestNG.java:1039)
	at org.testng.TestNG.runSuitesLocally(TestNG.java:964)
	at org.testng.TestNG.run(TestNG.java:900)
	at org.apache.maven.surefire.testng.TestNGExecutor.run(TestNGExecutor.java:122)
	at org.apache.maven.surefire.testng.TestNGXmlTestSuite.execute(TestNGXmlTestSuite.java:92)
	at org.apache.maven.surefire.testng.TestNGProvider.invoke(TestNGProvider.java:101)
	at sun.reflect.NativeMethodAccessorImpl.invoke0(Native Method)
	at sun.reflect.NativeMethodAccessorImpl.invoke(NativeMethodAccessorImpl.java:57)
	at sun.reflect.DelegatingMethodAccessorImpl.invoke(DelegatingMethodAccessorImpl.java:43)
	at java.lang.reflect.Method.invoke(Method.java:601)
	at org.apache.maven.surefire.util.ReflectionUtils.invokeMethodWithArray(ReflectionUtils.java:164)
	at org.apache.maven.surefire.booter.ProviderFactory$ProviderProxy.invoke(ProviderFactory.java:110)
	at org.apache.maven.surefire.booter.SurefireStarter.invokeProvider(SurefireStarter.java:175)
	at org.apache.maven.surefire.booter.SurefireStarter.runSuitesInProcessWhenForked(SurefireStarter.java:107)
	at org.apache.maven.surefire.booter.ForkedBooter.main(ForkedBooter.java:68)
Caused by: java.net.ConnectException: Verbindungsaufbau abgelehnt
	at java.net.PlainSocketImpl.socketConnect(Native Method)
	at java.net.AbstractPlainSocketImpl.doConnect(AbstractPlainSocketImpl.java:339)
	at java.net.AbstractPlainSocketImpl.connectToAddress(AbstractPlainSocketImpl.java:200)
	at java.net.AbstractPlainSocketImpl.connect(AbstractPlainSocketImpl.java:182)
	at java.net.SocksSocketImpl.connect(SocksSocketImpl.java:391)
	at java.net.Socket.connect(Socket.java:579)
	at java.net.Socket.connect(Socket.java:528)
	at java.net.Socket.&lt;init&gt;(Socket.java:425)
	at java.net.Socket.&lt;init&gt;(Socket.java:208)
	at org.tynamo.test.AbstractContainerTest.startContainer(AbstractContainerTest.java:80)
	... 34 more
Caused by: java.net.ConnectException: Verbindungsaufbau abgelehnt
	at java.net.PlainSocketImpl.socketConnect(Native Method)
	at java.net.AbstractPlainSocketImpl.doConnect(AbstractPlainSocketImpl.java:339)
	at java.net.AbstractPlainSocketImpl.connectToAddress(AbstractPlainSocketImpl.java:200)
	at java.net.AbstractPlainSocketImpl.connect(AbstractPlainSocketImpl.java:182)
	at java.net.SocksSocketImpl.connect(SocksSocketImpl.java:391)
	at java.net.Socket.connect(Socket.java:579)
	at java.net.Socket.connect(Socket.java:528)
	at java.net.Socket.&lt;init&gt;(Socket.java:425)
	at java.net.Socket.&lt;init&gt;(Socket.java:208)
	at org.tynamo.test.AbstractContainerTest.startContainer(AbstractContainerTest.java:80)
	... 34 more
</failure>
  </testcase>
  <testcase time="0.002" classname="de.webtech2.croaking.TapestrySecurityIntegrationTest" name="configureWebClient">
    <skipped/>
  </testcase>
  <testcase time="0.002" classname="de.webtech2.croaking.TapestrySecurityIntegrationTest" name="checkLoggedIn">
    <skipped/>
  </testcase>
  <testcase time="0" classname="de.webtech2.croaking.TapestrySecurityIntegrationTest" name="testAnonFilterAccess">
    <skipped/>
  </testcase>
  <testcase time="0" classname="de.webtech2.croaking.TapestrySecurityIntegrationTest" name="testAuthcFilterDeny">
    <skipped/>
  </testcase>
  <testcase time="0.001" classname="de.webtech2.croaking.TapestrySecurityIntegrationTest" name="testAuthenticatedComponentNotLoggedIn">
    <skipped/>
  </testcase>
  <testcase time="0" classname="de.webtech2.croaking.TapestrySecurityIntegrationTest" name="testContributedFilterChainDefinitionNotLoggedIn">
    <skipped/>
  </testcase>
  <testcase time="0" classname="de.webtech2.croaking.TapestrySecurityIntegrationTest" name="testGuestComponentNotLoggedIn">
    <skipped/>
  </testcase>
  <testcase time="0" classname="de.webtech2.croaking.TapestrySecurityIntegrationTest" name="testInterceptComponentClassDeny">
    <skipped/>
  </testcase>
  <testcase time="0" classname="de.webtech2.croaking.TapestrySecurityIntegrationTest" name="testInterceptComponentMethodDeny">
    <skipped/>
  </testcase>
  <testcase time="0" classname="de.webtech2.croaking.TapestrySecurityIntegrationTest" name="testInterceptComponentMethodWithAjaxDeny">
    <skipped/>
  </testcase>
  <testcase time="0" classname="de.webtech2.croaking.TapestrySecurityIntegrationTest" name="testInterceptServiceClassDeny">
    <skipped/>
  </testcase>
  <testcase time="0.001" classname="de.webtech2.croaking.TapestrySecurityIntegrationTest" name="testInterceptServiceMethodDeny">
    <skipped/>
  </testcase>
  <testcase time="0" classname="de.webtech2.croaking.TapestrySecurityIntegrationTest" name="testLocalizedUserFilterDeny">
    <skipped/>
  </testcase>
  <testcase time="0" classname="de.webtech2.croaking.TapestrySecurityIntegrationTest" name="testNoContextPathHandling">
    <skipped/>
  </testcase>
  <testcase time="0" classname="de.webtech2.croaking.TapestrySecurityIntegrationTest" name="testNotAuthenticatedComponentNotLoggedIn">
    <skipped/>
  </testcase>
  <testcase time="0" classname="de.webtech2.croaking.TapestrySecurityIntegrationTest" name="testNotFoundRule">
    <skipped/>
  </testcase>
  <testcase time="0" classname="de.webtech2.croaking.TapestrySecurityIntegrationTest" name="testRequiresAuthenticationDeny">
    <skipped/>
  </testcase>
  <testcase time="0" classname="de.webtech2.croaking.TapestrySecurityIntegrationTest" name="testRequiresGuestAccess">
    <skipped/>
  </testcase>
  <testcase time="0.001" classname="de.webtech2.croaking.TapestrySecurityIntegrationTest" name="testRequiresRole">
    <skipped/>
  </testcase>
  <testcase time="0" classname="de.webtech2.croaking.TapestrySecurityIntegrationTest" name="testRequiresUserDeny">
    <skipped/>
  </testcase>
  <testcase time="0" classname="de.webtech2.croaking.TapestrySecurityIntegrationTest" name="testUserComponentNotLoggedIn">
    <skipped/>
  </testcase>
  <testcase time="0" classname="de.webtech2.croaking.TapestrySecurityIntegrationTest" name="testUserFilterDeny">
    <skipped/>
  </testcase>
  <testcase time="0" classname="de.webtech2.croaking.TapestrySecurityIntegrationTest" name="testUserFilterWithAjaxDeny">
    <skipped/>
  </testcase>
  <testcase time="0.001" classname="de.webtech2.croaking.TapestrySecurityIntegrationTest" name="testLoginClick">
    <skipped/>
  </testcase>
  <testcase time="0.005" classname="de.webtech2.croaking.TapestrySecurityIntegrationTest" name="testLogin">
    <skipped/>
  </testcase>
  <testcase time="0.009" classname="de.webtech2.croaking.TapestrySecurityIntegrationTest" name="testAuthcFilterAccess">
    <skipped/>
  </testcase>
  <testcase time="0.012" classname="de.webtech2.croaking.TapestrySecurityIntegrationTest" name="testAuthenticatedComponentLoggedIn">
    <skipped/>
  </testcase>
  <testcase time="0.016" classname="de.webtech2.croaking.TapestrySecurityIntegrationTest" name="testComponentMethodInterceptorRequiresPermissionsILACSuccess">
    <skipped/>
  </testcase>
  <testcase time="0.019" classname="de.webtech2.croaking.TapestrySecurityIntegrationTest" name="testComponentMethodInterceptorRequiresPermissionsILACUnauthorized">
    <skipped/>
  </testcase>
  <testcase time="0.021" classname="de.webtech2.croaking.TapestrySecurityIntegrationTest" name="testContributedFilterChainDefinition">
    <skipped/>
  </testcase>
  <testcase time="0.022" classname="de.webtech2.croaking.TapestrySecurityIntegrationTest" name="testGuestComponentLoggedIn">
    <skipped/>
  </testcase>
  <testcase time="0.023" classname="de.webtech2.croaking.TapestrySecurityIntegrationTest" name="testHasAllPermissionsComponentFailed">
    <skipped/>
  </testcase>
  <testcase time="0.025" classname="de.webtech2.croaking.TapestrySecurityIntegrationTest" name="testHasAllPermissionsComponentSuccess">
    <skipped/>
  </testcase>
  <testcase time="0.026" classname="de.webtech2.croaking.TapestrySecurityIntegrationTest" name="testHasAllRolesComponentFailed">
    <skipped/>
  </testcase>
  <testcase time="0.028" classname="de.webtech2.croaking.TapestrySecurityIntegrationTest" name="testHasAllRolesComponentFailedAlternateDivisor">
    <skipped/>
  </testcase>
  <testcase time="0.03" classname="de.webtech2.croaking.TapestrySecurityIntegrationTest" name="testHasAllRolesComponentSuccess">
    <skipped/>
  </testcase>
  <testcase time="0.032" classname="de.webtech2.croaking.TapestrySecurityIntegrationTest" name="testHasAllRolesComponentSuccessAlternateDivisor">
    <skipped/>
  </testcase>
  <testcase time="0.033" classname="de.webtech2.croaking.TapestrySecurityIntegrationTest" name="testHasAnyPermissionsComponentFailed">
    <skipped/>
  </testcase>
  <testcase time="0.035" classname="de.webtech2.croaking.TapestrySecurityIntegrationTest" name="testHasAnyPermissionsComponentSuccess">
    <skipped/>
  </testcase>
  <testcase time="0.037" classname="de.webtech2.croaking.TapestrySecurityIntegrationTest" name="testHasAnyRoleComponentFailedAlternateDivisor">
    <skipped/>
  </testcase>
  <testcase time="0.039" classname="de.webtech2.croaking.TapestrySecurityIntegrationTest" name="testHasAnyRolesComponentFailed">
    <skipped/>
  </testcase>
  <testcase time="0.04" classname="de.webtech2.croaking.TapestrySecurityIntegrationTest" name="testHasAnyRolesComponentSuccess">
    <skipped/>
  </testcase>
  <testcase time="0.042" classname="de.webtech2.croaking.TapestrySecurityIntegrationTest" name="testHasAnyRolesComponentSuccessAlternateDivisor">
    <skipped/>
  </testcase>
  <testcase time="0.044" classname="de.webtech2.croaking.TapestrySecurityIntegrationTest" name="testHasPermissionComponentFailed">
    <skipped/>
  </testcase>
  <testcase time="0.046" classname="de.webtech2.croaking.TapestrySecurityIntegrationTest" name="testHasPermissionComponentSuccess">
    <skipped/>
  </testcase>
  <testcase time="0.048" classname="de.webtech2.croaking.TapestrySecurityIntegrationTest" name="testHasRoleComponentFailed">
    <skipped/>
  </testcase>
  <testcase time="0.049" classname="de.webtech2.croaking.TapestrySecurityIntegrationTest" name="testHasRoleComponentSuccess">
    <skipped/>
  </testcase>
  <testcase time="0.051" classname="de.webtech2.croaking.TapestrySecurityIntegrationTest" name="testIfGrantedAllPermissionsComponentFailed">
    <skipped/>
  </testcase>
  <testcase time="0.053" classname="de.webtech2.croaking.TapestrySecurityIntegrationTest" name="testIfGrantedAllPermissionsComponentSuccess">
    <skipped/>
  </testcase>
  <testcase time="0.054" classname="de.webtech2.croaking.TapestrySecurityIntegrationTest" name="testIfGrantedAllRolesComponentFailed">
    <skipped/>
  </testcase>
  <testcase time="0.055" classname="de.webtech2.croaking.TapestrySecurityIntegrationTest" name="testIfGrantedAllRolesComponentFailedAlternateDivisor">
    <skipped/>
  </testcase>
  <testcase time="0.056" classname="de.webtech2.croaking.TapestrySecurityIntegrationTest" name="testIfGrantedAllRolesComponentSuccess">
    <skipped/>
  </testcase>
  <testcase time="0.057" classname="de.webtech2.croaking.TapestrySecurityIntegrationTest" name="testIfGrantedAllRolesComponentSuccessAlternateDivisor">
    <skipped/>
  </testcase>
  <testcase time="0.058" classname="de.webtech2.croaking.TapestrySecurityIntegrationTest" name="testIfGrantedAnyPermissionsComponentFailed">
    <skipped/>
  </testcase>
  <testcase time="0.059" classname="de.webtech2.croaking.TapestrySecurityIntegrationTest" name="testIfGrantedAnyPermissionsComponentSuccess">
    <skipped/>
  </testcase>
  <testcase time="0.06" classname="de.webtech2.croaking.TapestrySecurityIntegrationTest" name="testIfGrantedAnyRoleComponentFailedAlternateDivisor">
    <skipped/>
  </testcase>
  <testcase time="0.061" classname="de.webtech2.croaking.TapestrySecurityIntegrationTest" name="testIfGrantedAnyRolesComponentFailed">
    <skipped/>
  </testcase>
  <testcase time="0.062" classname="de.webtech2.croaking.TapestrySecurityIntegrationTest" name="testIfGrantedAnyRolesComponentSuccess">
    <skipped/>
  </testcase>
  <testcase time="0.063" classname="de.webtech2.croaking.TapestrySecurityIntegrationTest" name="testIfGrantedAnyRolesComponentSuccessAlternateDivisor">
    <skipped/>
  </testcase>
  <testcase time="0.064" classname="de.webtech2.croaking.TapestrySecurityIntegrationTest" name="testInterceptComponentClassAccess">
    <skipped/>
  </testcase>
  <testcase time="0.065" classname="de.webtech2.croaking.TapestrySecurityIntegrationTest" name="testInterceptComponentMethodAccess">
    <skipped/>
  </testcase>
  <testcase time="0.065" classname="de.webtech2.croaking.TapestrySecurityIntegrationTest" name="testInterceptServiceClassAccess">
    <skipped/>
  </testcase>
  <testcase time="0.066" classname="de.webtech2.croaking.TapestrySecurityIntegrationTest" name="testInterceptServiceMethodAccess">
    <skipped/>
  </testcase>
  <testcase time="0.067" classname="de.webtech2.croaking.TapestrySecurityIntegrationTest" name="testNotAuthenticatedComponentLoggedIn">
    <skipped/>
  </testcase>
  <testcase time="0.069" classname="de.webtech2.croaking.TapestrySecurityIntegrationTest" name="testPermsFilterAccess">
    <skipped/>
  </testcase>
  <testcase time="0.071" classname="de.webtech2.croaking.TapestrySecurityIntegrationTest" name="testPermsFilterDeny">
    <skipped/>
  </testcase>
  <testcase time="0.072" classname="de.webtech2.croaking.TapestrySecurityIntegrationTest" name="testPermsRequiresPermissionsILACEditOnPageClass">
    <skipped/>
  </testcase>
  <testcase time="0.073" classname="de.webtech2.croaking.TapestrySecurityIntegrationTest" name="testPermsRequiresPermissionsILACViewOnPageClass">
    <skipped/>
  </testcase>
  <testcase time="0.073" classname="de.webtech2.croaking.TapestrySecurityIntegrationTest" name="testRequiresAuthenticationAccess">
    <skipped/>
  </testcase>
  <testcase time="0.074" classname="de.webtech2.croaking.TapestrySecurityIntegrationTest" name="testRequiresGuestDeny">
    <skipped/>
  </testcase>
  <testcase time="0.075" classname="de.webtech2.croaking.TapestrySecurityIntegrationTest" name="testRequiresPermissionAccess">
    <skipped/>
  </testcase>
  <testcase time="0.076" classname="de.webtech2.croaking.TapestrySecurityIntegrationTest" name="testRequiresPermissionDeny">
    <skipped/>
  </testcase>
  <testcase time="0.077" classname="de.webtech2.croaking.TapestrySecurityIntegrationTest" name="testRequiresPermissionILACSuccessWithArgument">
    <skipped/>
  </testcase>
  <testcase time="0.078" classname="de.webtech2.croaking.TapestrySecurityIntegrationTest" name="testRequiresPermissionILACSuccessWithoutArguments">
    <skipped/>
  </testcase>
  <testcase time="0.08" classname="de.webtech2.croaking.TapestrySecurityIntegrationTest" name="testRequiresPermissionILACUnauthorizedWithArgument">
    <skipped/>
  </testcase>
  <testcase time="0.081" classname="de.webtech2.croaking.TapestrySecurityIntegrationTest" name="testRequiresRoleAccess">
    <skipped/>
  </testcase>
  <testcase time="0.083" classname="de.webtech2.croaking.TapestrySecurityIntegrationTest" name="testRequiresRoleDeny">
    <skipped/>
  </testcase>
  <testcase time="0.084" classname="de.webtech2.croaking.TapestrySecurityIntegrationTest" name="testRequiresUserAccess">
    <skipped/>
  </testcase>
  <testcase time="0.086" classname="de.webtech2.croaking.TapestrySecurityIntegrationTest" name="testRolesFilterAccess">
    <skipped/>
  </testcase>
  <testcase time="0.087" classname="de.webtech2.croaking.TapestrySecurityIntegrationTest" name="testRolesFilterDeny">
    <skipped/>
  </testcase>
  <testcase time="0.089" classname="de.webtech2.croaking.TapestrySecurityIntegrationTest" name="testServletDecoration">
    <skipped/>
  </testcase>
  <testcase time="0.09" classname="de.webtech2.croaking.TapestrySecurityIntegrationTest" name="testUserComponentLoggedIn">
    <skipped/>
  </testcase>
  <testcase time="0.091" classname="de.webtech2.croaking.TapestrySecurityIntegrationTest" name="testUserFilterAccess">
    <skipped/>
  </testcase>
  <testcase time="0.092" classname="de.webtech2.croaking.TapestrySecurityIntegrationTest" name="testLogout">
    <skipped/>
  </testcase>
  <testcase time="0.093" classname="de.webtech2.croaking.TapestrySecurityIntegrationTest" name="testSaveRequestAnnotationHandler">
    <skipped/>
  </testcase>
  <testcase time="0" classname="de.webtech2.croaking.TapestrySecurityIntegrationTest" name="testPort8180Filter">
    <skipped/>
  </testcase>
  <testcase time="0.008" classname="de.webtech2.croaking.SecurityFilterChainUnitTest" name="builderAddSameFilterWithoutAnyConfig"/>
  <testcase time="0.003" classname="de.webtech2.croaking.SecurityFilterChainUnitTest" name="builderAddSameFilterWithDifferentConfig"/>
  <testcase time="0" classname="de.webtech2.croaking.SecurityFilterChainUnitTest" name="builderAddSameFilterFirstWithoutConfig"/>
</testsuite>